<?xml version="1.0" encoding="UTF-8"?>
<testng-results ignored="0" total="3" passed="2" failed="1" skipped="0">
  <reporter-output>
  </reporter-output>
  <suite started-at="2024-01-27T16:05:15 IST" name="Suite" finished-at="2024-01-27T16:07:19 IST" duration-ms="123305">
    <groups>
    </groups>
    <test started-at="2024-01-27T16:05:15 IST" name="ChromeTest" finished-at="2024-01-27T16:07:18 IST" duration-ms="122574">
      <class name="testcase.SignIn">
        <test-method is-config="true" signature="setup()[pri:0, instance:testcase.SignIn@2f40e5db]" started-at="2024-01-27T16:05:15 IST" name="setup" finished-at="2024-01-27T16:05:15 IST" duration-ms="0" status="PASS">
          <reporter-output>
          </reporter-output>
        </test-method> <!-- setup -->
        <test-method is-config="true" signature="browserLaunch(java.lang.String,java.lang.String)[pri:0, instance:testcase.SignIn@2f40e5db]" started-at="2024-01-27T16:06:01 IST" name="browserLaunch" finished-at="2024-01-27T16:06:26 IST" duration-ms="24334" status="PASS">
          <params>
            <param index="0">
              <value>
                <![CDATA[https://www.bestbuy.com/]]>
              </value>
            </param>
            <param index="1">
              <value>
                <![CDATA[chrome]]>
              </value>
            </param>
          </params>
          <reporter-output>
          </reporter-output>
        </test-method> <!-- browserLaunch -->
        <test-method signature="signInTest(java.lang.String,java.lang.String)[pri:0, instance:testcase.SignIn@2f40e5db]" started-at="2024-01-27T16:06:26 IST" name="signInTest" data-provider="getData" finished-at="2024-01-27T16:06:46 IST" duration-ms="19993" status="PASS">
          <params>
            <param index="0">
              <value>
                <![CDATA[deva123@gmail.com]]>
              </value>
            </param>
            <param index="1">
              <value>
                <![CDATA[deva@123]]>
              </value>
            </param>
          </params>
          <reporter-output>
          </reporter-output>
        </test-method> <!-- signInTest -->
        <test-method is-config="true" signature="closeBrowser()[pri:0, instance:testcase.SignIn@2f40e5db]" started-at="2024-01-27T16:06:46 IST" name="closeBrowser" finished-at="2024-01-27T16:06:46 IST" duration-ms="216" status="PASS">
          <reporter-output>
          </reporter-output>
        </test-method> <!-- closeBrowser -->
      </class> <!-- testcase.SignIn -->
      <class name="testcase.AddanItem">
        <test-method is-config="true" signature="setup()[pri:0, instance:testcase.AddanItem@517566b]" started-at="2024-01-27T16:05:15 IST" name="setup" finished-at="2024-01-27T16:05:15 IST" duration-ms="19" status="PASS">
          <reporter-output>
          </reporter-output>
        </test-method> <!-- setup -->
        <test-method is-config="true" signature="browserLaunch(java.lang.String,java.lang.String)[pri:0, instance:testcase.AddanItem@517566b]" started-at="2024-01-27T16:06:46 IST" name="browserLaunch" finished-at="2024-01-27T16:07:01 IST" duration-ms="15002" status="PASS">
          <params>
            <param index="0">
              <value>
                <![CDATA[https://www.bestbuy.com/]]>
              </value>
            </param>
            <param index="1">
              <value>
                <![CDATA[chrome]]>
              </value>
            </param>
          </params>
          <reporter-output>
          </reporter-output>
        </test-method> <!-- browserLaunch -->
        <test-method signature="addItemToCart(java.lang.String,java.lang.String,java.lang.String,java.lang.String,java.lang.String,java.lang.String,java.lang.String,java.lang.String)[pri:0, instance:testcase.AddanItem@517566b]" started-at="2024-01-27T16:07:01 IST" name="addItemToCart" data-provider="getData" finished-at="2024-01-27T16:07:17 IST" duration-ms="16175" status="FAIL">
          <params>
            <param index="0">
              <value>
                <![CDATA[Apple]]>
              </value>
            </param>
            <param index="1">
              <value>
                <![CDATA[earpods]]>
              </value>
            </param>
            <param index="2">
              <value>
                <![CDATA[Deva]]>
              </value>
            </param>
            <param index="3">
              <value>
                <![CDATA[Mohan]]>
              </value>
            </param>
            <param index="4">
              <value>
                <![CDATA[Kodambakkam]]>
              </value>
            </param>
            <param index="5">
              <value>
                <![CDATA[Chennai]]>
              </value>
            </param>
            <param index="6">
              <value>
                <![CDATA[Tamilnadu]]>
              </value>
            </param>
            <param index="7">
              <value>
                <![CDATA[600024]]>
              </value>
            </param>
          </params>
          <exception class="org.openqa.selenium.ElementClickInterceptedException">
            <message>
              <![CDATA[element click intercepted: Element <button class="c-button-unstyled hamburger-menu-button" type="button" aria-controls="flyout-container" aria-expanded="false" aria-label="Menu" data-t="hamburger-navigation-button">...</button> is not clickable at point (198, 76). Other element would receive the click: <div class="c-overlay-backdrop" aria-label="aria-label" data-testid="attach-modal-drawer-overlay-backdrop" id="attach-modal-drawer-overlay-backdrop">...</div>
  (Session info: chrome=120.0.6099.225)
Build info: version: '4.12.1', revision: '8e34639b11'
System info: os.name: 'Windows 11', os.arch: 'amd64', os.version: '10.0', java.version: '17.0.7'
Driver info: org.openqa.selenium.chrome.ChromeDriver
Command: [7e64e9d7c4a7d3247d56b00f033c875f, clickElement {id=442D13F4BF132C770D3428C623A73EAD_element_139}]
Capabilities {acceptInsecureCerts: false, browserName: chrome, browserVersion: 120.0.6099.225, chrome: {chromedriverVersion: 120.0.6099.109 (3419140ab66..., userDataDir: C:\Users\rajes\AppData\Loca...}, fedcm:accounts: true, goog:chromeOptions: {debuggerAddress: localhost:56194}, networkConnectionEnabled: false, pageLoadStrategy: normal, platformName: windows, proxy: Proxy(), se:cdp: ws://localhost:56194/devtoo..., se:cdpVersion: 120.0.6099.225, setWindowRect: true, strictFileInteractability: false, timeouts: {implicit: 0, pageLoad: 300000, script: 30000}, unhandledPromptBehavior: dismiss and notify, webauthn:extension:credBlob: true, webauthn:extension:largeBlob: true, webauthn:extension:minPinLength: true, webauthn:extension:prf: true, webauthn:virtualAuthenticators: true}
Element: [[ChromeDriver: chrome on windows (7e64e9d7c4a7d3247d56b00f033c875f)] -> xpath: //button[@data-t='hamburger-navigation-button']]
Session ID: 7e64e9d7c4a7d3247d56b00f033c875f]]>
            </message>
            <full-stacktrace>
              <![CDATA[org.openqa.selenium.ElementClickInterceptedException: element click intercepted: Element <button class="c-button-unstyled hamburger-menu-button" type="button" aria-controls="flyout-container" aria-expanded="false" aria-label="Menu" data-t="hamburger-navigation-button">...</button> is not clickable at point (198, 76). Other element would receive the click: <div class="c-overlay-backdrop" aria-label="aria-label" data-testid="attach-modal-drawer-overlay-backdrop" id="attach-modal-drawer-overlay-backdrop">...</div>
  (Session info: chrome=120.0.6099.225)
Build info: version: '4.12.1', revision: '8e34639b11'
System info: os.name: 'Windows 11', os.arch: 'amd64', os.version: '10.0', java.version: '17.0.7'
Driver info: org.openqa.selenium.chrome.ChromeDriver
Command: [7e64e9d7c4a7d3247d56b00f033c875f, clickElement {id=442D13F4BF132C770D3428C623A73EAD_element_139}]
Capabilities {acceptInsecureCerts: false, browserName: chrome, browserVersion: 120.0.6099.225, chrome: {chromedriverVersion: 120.0.6099.109 (3419140ab66..., userDataDir: C:\Users\rajes\AppData\Loca...}, fedcm:accounts: true, goog:chromeOptions: {debuggerAddress: localhost:56194}, networkConnectionEnabled: false, pageLoadStrategy: normal, platformName: windows, proxy: Proxy(), se:cdp: ws://localhost:56194/devtoo..., se:cdpVersion: 120.0.6099.225, setWindowRect: true, strictFileInteractability: false, timeouts: {implicit: 0, pageLoad: 300000, script: 30000}, unhandledPromptBehavior: dismiss and notify, webauthn:extension:credBlob: true, webauthn:extension:largeBlob: true, webauthn:extension:minPinLength: true, webauthn:extension:prf: true, webauthn:virtualAuthenticators: true}
Element: [[ChromeDriver: chrome on windows (7e64e9d7c4a7d3247d56b00f033c875f)] -> xpath: //button[@data-t='hamburger-navigation-button']]
Session ID: 7e64e9d7c4a7d3247d56b00f033c875f
at java.base/jdk.internal.reflect.NativeConstructorAccessorImpl.newInstance0(Native Method)
at java.base/jdk.internal.reflect.NativeConstructorAccessorImpl.newInstance(NativeConstructorAccessorImpl.java:77)
at java.base/jdk.internal.reflect.DelegatingConstructorAccessorImpl.newInstance(DelegatingConstructorAccessorImpl.java:45)
at java.base/java.lang.reflect.Constructor.newInstanceWithCaller(Constructor.java:499)
at java.base/java.lang.reflect.Constructor.newInstance(Constructor.java:480)
at org.openqa.selenium.remote.codec.w3c.W3CHttpResponseCodec.createException(W3CHttpResponseCodec.java:200)
at org.openqa.selenium.remote.codec.w3c.W3CHttpResponseCodec.decode(W3CHttpResponseCodec.java:133)
at org.openqa.selenium.remote.codec.w3c.W3CHttpResponseCodec.decode(W3CHttpResponseCodec.java:52)
at org.openqa.selenium.remote.HttpCommandExecutor.execute(HttpCommandExecutor.java:191)
at org.openqa.selenium.remote.service.DriverCommandExecutor.invokeExecute(DriverCommandExecutor.java:196)
at org.openqa.selenium.remote.service.DriverCommandExecutor.execute(DriverCommandExecutor.java:171)
at org.openqa.selenium.remote.RemoteWebDriver.execute(RemoteWebDriver.java:602)
at org.openqa.selenium.remote.RemoteWebElement.execute(RemoteWebElement.java:224)
at org.openqa.selenium.remote.RemoteWebElement.click(RemoteWebElement.java:77)
at java.base/jdk.internal.reflect.NativeMethodAccessorImpl.invoke0(Native Method)
at java.base/jdk.internal.reflect.NativeMethodAccessorImpl.invoke(NativeMethodAccessorImpl.java:77)
at java.base/jdk.internal.reflect.DelegatingMethodAccessorImpl.invoke(DelegatingMethodAccessorImpl.java:43)
at java.base/java.lang.reflect.Method.invoke(Method.java:568)
at org.openqa.selenium.support.pagefactory.internal.LocatingElementHandler.invoke(LocatingElementHandler.java:51)
at jdk.proxy2/jdk.proxy2.$Proxy20.click(Unknown Source)
at utility.BaseUtility.click(BaseUtility.java:68)
at pages.AddAnItem.clickMenu(AddAnItem.java:231)
at testcase.AddanItem.addItemToCart(AddanItem.java:28)
at java.base/jdk.internal.reflect.NativeMethodAccessorImpl.invoke0(Native Method)
at java.base/jdk.internal.reflect.NativeMethodAccessorImpl.invoke(NativeMethodAccessorImpl.java:77)
at java.base/jdk.internal.reflect.DelegatingMethodAccessorImpl.invoke(DelegatingMethodAccessorImpl.java:43)
at java.base/java.lang.reflect.Method.invoke(Method.java:568)
at org.testng.internal.invokers.MethodInvocationHelper.invokeMethod(MethodInvocationHelper.java:139)
at org.testng.internal.invokers.TestInvoker.invokeMethod(TestInvoker.java:664)
at org.testng.internal.invokers.TestInvoker.invokeTestMethod(TestInvoker.java:228)
at org.testng.internal.invokers.MethodRunner.runInSequence(MethodRunner.java:63)
at org.testng.internal.invokers.TestInvoker$MethodInvocationAgent.invoke(TestInvoker.java:961)
at org.testng.internal.invokers.TestInvoker.invokeTestMethods(TestInvoker.java:201)
at org.testng.internal.invokers.TestMethodWorker.invokeTestMethods(TestMethodWorker.java:148)
at org.testng.internal.invokers.TestMethodWorker.run(TestMethodWorker.java:128)
at java.base/java.util.ArrayList.forEach(ArrayList.java:1511)
at org.testng.TestRunner.privateRun(TestRunner.java:819)
at org.testng.TestRunner.run(TestRunner.java:619)
at org.testng.SuiteRunner.runTest(SuiteRunner.java:443)
at org.testng.SuiteRunner.runSequentially(SuiteRunner.java:437)
at org.testng.SuiteRunner.privateRun(SuiteRunner.java:397)
at org.testng.SuiteRunner.run(SuiteRunner.java:336)
at org.testng.SuiteRunnerWorker.runSuite(SuiteRunnerWorker.java:52)
at org.testng.SuiteRunnerWorker.run(SuiteRunnerWorker.java:95)
at org.testng.TestNG.runSuitesSequentially(TestNG.java:1301)
at org.testng.TestNG.runSuitesLocally(TestNG.java:1228)
at org.testng.TestNG.runSuites(TestNG.java:1134)
at org.testng.TestNG.run(TestNG.java:1101)
at org.testng.remote.AbstractRemoteTestNG.run(AbstractRemoteTestNG.java:115)
at org.testng.remote.RemoteTestNG.initAndRun(RemoteTestNG.java:251)
at org.testng.remote.RemoteTestNG.main(RemoteTestNG.java:77)
]]>
            </full-stacktrace>
          </exception> <!-- org.openqa.selenium.ElementClickInterceptedException -->
          <reporter-output>
          </reporter-output>
        </test-method> <!-- addItemToCart -->
        <test-method is-config="true" signature="closeBrowser()[pri:0, instance:testcase.AddanItem@517566b]" started-at="2024-01-27T16:07:18 IST" name="closeBrowser" finished-at="2024-01-27T16:07:18 IST" duration-ms="251" status="PASS">
          <reporter-output>
          </reporter-output>
        </test-method> <!-- closeBrowser -->
      </class> <!-- testcase.AddanItem -->
      <class name="testcase.Register">
        <test-method is-config="true" signature="setup()[pri:0, instance:testcase.Register@2dc995f4]" started-at="2024-01-27T16:05:15 IST" name="setup" finished-at="2024-01-27T16:05:15 IST" duration-ms="1" status="PASS">
          <reporter-output>
          </reporter-output>
        </test-method> <!-- setup -->
        <test-method is-config="true" signature="browserLaunch(java.lang.String,java.lang.String)[pri:0, instance:testcase.Register@2dc995f4]" started-at="2024-01-27T16:05:17 IST" name="browserLaunch" finished-at="2024-01-27T16:05:42 IST" duration-ms="25524" status="PASS">
          <params>
            <param index="0">
              <value>
                <![CDATA[https://www.bestbuy.com/]]>
              </value>
            </param>
            <param index="1">
              <value>
                <![CDATA[chrome]]>
              </value>
            </param>
          </params>
          <reporter-output>
          </reporter-output>
        </test-method> <!-- browserLaunch -->
        <test-method signature="registerTest(java.lang.String,java.lang.String,java.lang.String,java.lang.String,java.lang.String,java.lang.String)[pri:0, instance:testcase.Register@2dc995f4]" started-at="2024-01-27T16:05:42 IST" name="registerTest" data-provider="getData" finished-at="2024-01-27T16:06:01 IST" duration-ms="18921" status="PASS">
          <params>
            <param index="0">
              <value>
                <![CDATA[Deva]]>
              </value>
            </param>
            <param index="1">
              <value>
                <![CDATA[Mohan]]>
              </value>
            </param>
            <param index="2">
              <value>
                <![CDATA[deva123@gmail.com]]>
              </value>
            </param>
            <param index="3">
              <value>
                <![CDATA[deva@123]]>
              </value>
            </param>
            <param index="4">
              <value>
                <![CDATA[deva@123]]>
              </value>
            </param>
            <param index="5">
              <value>
                <![CDATA[6369942600]]>
              </value>
            </param>
          </params>
          <reporter-output>
          </reporter-output>
        </test-method> <!-- registerTest -->
        <test-method is-config="true" signature="closeBrowser()[pri:0, instance:testcase.Register@2dc995f4]" started-at="2024-01-27T16:06:01 IST" name="closeBrowser" finished-at="2024-01-27T16:06:01 IST" duration-ms="289" status="PASS">
          <reporter-output>
          </reporter-output>
        </test-method> <!-- closeBrowser -->
      </class> <!-- testcase.Register -->
    </test> <!-- ChromeTest -->
    <test started-at="2024-01-27T16:07:19 IST" name="EdgeTest" finished-at="2024-01-27T16:07:19 IST" duration-ms="2">
    </test> <!-- EdgeTest -->
  </suite> <!-- Suite -->
</testng-results>
